 V4L2_PIX_FMT_RGB332 = 826427218
 V4L2_PIX_FMT_RGB444 = 875836498
 V4L2_PIX_FMT_RGB555 = 1329743698
 V4L2_PIX_FMT_RGB565 = 1346520914
 V4L2_PIX_FMT_RGB555X= 1363298130
 V4L2_PIX_FMT_RGB565X= 1380075346
 V4L2_PIX_FMT_BGR24  = 861030210
 V4L2_PIX_FMT_RGB24  = 859981650
 V4L2_PIX_FMT_BGR32  = 877807426
 V4L2_PIX_FMT_RGB32  = 876758866
 V4L2_PIX_FMT_GREY  = 1497715271
 V4L2_PIX_FMT_Y16   = 540422489
 V4L2_PIX_FMT_PAL8  = 944521552
 V4L2_PIX_FMT_YVU410 = 961893977
 V4L2_PIX_FMT_YVU420 = 842094169
 V4L2_PIX_FMT_YUYV   = 1448695129
 V4L2_PIX_FMT_YYUV   = 1448434009
 V4L2_PIX_FMT_YVYU   = 1431918169
 V4L2_PIX_FMT_UYVY   = 1498831189
 V4L2_PIX_FMT_VYUY   = 1498765654
 V4L2_PIX_FMT_YUV422P= 1345466932
 V4L2_PIX_FMT_YUV411P= 1345401140
 V4L2_PIX_FMT_Y41P   = 1345401945
 V4L2_PIX_FMT_YUV444 = 875836505
 V4L2_PIX_FMT_YUV555 = 1331058009
 V4L2_PIX_FMT_YUV565 = 1347835225
 V4L2_PIX_FMT_YUV32  = 878073177
 V4L2_PIX_FMT_YUV410 = 961959257
 V4L2_PIX_FMT_YUV420 = 842093913
 V4L2_PIX_FMT_HI240  = 875710792
 V4L2_PIX_FMT_HM12   = 842091848
 V4L2_PIX_FMT_NV12   = 842094158
 V4L2_PIX_FMT_NV21   = 825382478
 V4L2_PIX_FMT_NV16   = 909203022
 V4L2_PIX_FMT_NV61   = 825644622
 V4L2_PIX_FMT_SBGGR8 = 825770306
 V4L2_PIX_FMT_SGBRG8 = 1196573255
 V4L2_PIX_FMT_SGRBG8 = 1195528775
 V4L2_PIX_FMT_SGRBG10= 808534338
 V4L2_PIX_FMT_SGRBG10DPCM8= 808535106
 V4L2_PIX_FMT_SBGGR16 = 844257602
 V4L2_PIX_FMT_MJPEG  = 1196444237
 V4L2_PIX_FMT_JPEG   = 1195724874
 V4L2_PIX_FMT_DV     = 1685288548
 V4L2_PIX_FMT_MPEG   = 1195724877
V4L2_PIX_FMT_WNVA         = 1096175191
V4L2_PIX_FMT_SN9C10X      = 808532307
V4L2_PIX_FMT_SN9C20X_I420 = 808597843
V4L2_PIX_FMT_PWC1         = 826496848
V4L2_PIX_FMT_PWC2         = 843274064
V4L2_PIX_FMT_ET61X251     = 892483141
V4L2_PIX_FMT_SPCA501      = 825242963
V4L2_PIX_FMT_SPCA505      = 892351827
V4L2_PIX_FMT_SPCA508      = 942683475
V4L2_PIX_FMT_SPCA561      = 825636179
V4L2_PIX_FMT_PAC207       = 925905488
V4L2_PIX_FMT_MR97310A     = 808530765
V4L2_PIX_FMT_SQ905C       = 1127559225
V4L2_PIX_FMT_PJPG         = 1196444240
V4L2_PIX_FMT_OV511        = 825308495
V4L2_PIX_FMT_OV518        = 942749007
